<?xml version="1.0" encoding="UTF-8"?>
<!-- Generated by org.testng.reporters.JUnitReportReporter -->
<testsuite hostname="Sajid" name="org.selenium.ActiTime.AllocateWorkTest" tests="1" failures="0" timestamp="19 Feb 2017 17:48:17 GMT" time="0.005" errors="0">
  <testcase name="f" time="0.005" classname="org.selenium.ActiTime.AllocateWorkTest"/>
</testsuite> <!-- org.selenium.ActiTime.AllocateWorkTest -->
